


ARM Macro Assembler    Page 1 


    1 00000000         ;konfigurasyon kismi
    2 00000000         
    3 00000000                 THUMB
    4 00000000         
    5 00000000 20000100 
                       Baslama_adresi
                               EQU              0x20000100
    6 00000000         
    7 00000000                 AREA             Bolum1, DATA, READONLY
    8 00000000                 THUMB
    9 00000000         
   10 00000000 20000100        DCD              Baslama_adresi ;START ADRESS
   11 00000004 00000000        DCD              Resetleme_fonksiyonu 
                                                            ;RESET FUNC
   12 00000008 00000000        DCD              0           ; Reserved
   13 0000000C 00000000        DCD              0           ; Reserved
   14 00000010 00000000        DCD              0           ; Reserved
   15 00000014 00000000        DCD              0           ; Reserved
   16 00000018 00000000        DCD              0           ; Reserved
   17 0000001C 00000000        DCD              0           ; Reserved
   18 00000020 00000000        DCD              0           ; Reserved
   19 00000024 00000000        DCD              0           ; Reserved
   20 00000028 00000000        DCD              0           ; Reserved
   21 0000002C 00000000        DCD              0           ; Reserved
   22 00000030 00000000        DCD              0           ; Reserved
   23 00000034 00000000        DCD              0           ; Reserved
   24 00000038 00000000        DCD              0           ; Reserved
   25 0000003C 00000000        DCD              0           ; Reserved
   26 00000040         
   27 00000040         ; External Interrupts
   28 00000040 00000000        DCD              0           ; Reserved
   29 00000044 00000000        DCD              0           ; Reserved
   30 00000048 00000000        DCD              0           ; Reserved
   31 0000004C 00000000        DCD              0           ; Reserved
   32 00000050 00000000        DCD              0           ; Reserved
   33 00000054 00000000        DCD              0           ; Reserved
   34 00000058 00000000        DCD              0           ; Reserved
   35 0000005C 00000000        DCD              0           ; Reserved
   36 00000060 00000000        DCD              0           ; Reserved
   37 00000064 00000000        DCD              0           ; Reserved
   38 00000068 00000000        DCD              0           ; Reserved
   39 0000006C 00000000        DCD              0           ; Reserved
   40 00000070 00000000        DCD              0           ; Reserved
   41 00000074 00000000        DCD              0           ; Reserved
   42 00000078 00000000        DCD              0           ; Reserved
   43 0000007C 00000000        DCD              0           ; Reserved
   44 00000080 00000000        DCD              0           ; Reserved
   45 00000084 00000000        DCD              0           ; Reserved
   46 00000088 00000000        DCD              0           ; Reserved
   47 0000008C 00000000        DCD              0           ; Reserved
   48 00000090 00000000        DCD              0           ; Reserved
   49 00000094 00000000        DCD              0           ; Reserved
   50 00000098 00000000        DCD              0           ; Reserved
   51 0000009C 00000000        DCD              0           ; Reserved
   52 000000A0 00000000        DCD              0           ; Reserved
   53 000000A4 00000000        DCD              0           ; Reserved
   54 000000A8 00000000        DCD              0           ; Reserved
   55 000000AC 00000000        DCD              0           ; Reserved         
                                                            



ARM Macro Assembler    Page 2 


   56 000000B0 00000000        DCD              TIM2_IRQHandler
   57 000000B4         
   58 000000B4         
   59 000000B4                 AREA             |.text|, CODE, READONLY
   60 00000000         
   61 00000000         Default_Handler
                               PROC
   62 00000000         
   63 00000000                 EXPORT           TIM2_IRQHandler              [W
EAK]
   64 00000000         
   65 00000000         TIM2_IRQHandler
   66 00000000 E7FE            B                .
   67 00000002                 ENDP
   68 00000002         
   69 00000002 00 00           ALIGN
   70 00000004         
   71 00000004                 AREA             Bolum2, CODE, READONLY
   72 00000000                 ENTRY
   73 00000000         
   74 00000000         Resetleme_fonksiyonu
   75 00000000                 IMPORT           _main
   76 00000000         
   77 00000000 F7FF BFFE       B                _main
   78 00000004         
   79 00000004                 END
Command Line: --debug --xref --diag_suppress=9931 --cpu=Cortex-M3 --depend=.\ob
jects\dosya1.d -o.\objects\dosya1.o -I.\RTE\_Target_1 -IC:\Users\doguk\AppData\
Local\Arm\Packs\Keil\STM32F1xx_DFP\2.3.0\Device\Include -IC:\Keil_v5\ARM\CMSIS\
Include --predefine="__UVISION_VERSION SETA 529" --predefine="STM32F10X_MD SETA
 1" --list=.\listings\dosya1.lst dosya1.s



ARM Macro Assembler    Page 1 Alphabetic symbol ordering
Relocatable symbols

Bolum1 00000000

Symbol: Bolum1
   Definitions
      At line 7 in file dosya1.s
   Uses
      None
Comment: Bolum1 unused
1 symbol



ARM Macro Assembler    Page 1 Alphabetic symbol ordering
Relocatable symbols

.text 00000000

Symbol: .text
   Definitions
      At line 59 in file dosya1.s
   Uses
      None
Comment: .text unused
Default_Handler 00000000

Symbol: Default_Handler
   Definitions
      At line 61 in file dosya1.s
   Uses
      None
Comment: Default_Handler unused
TIM2_IRQHandler 00000000

Symbol: TIM2_IRQHandler
   Definitions
      At line 65 in file dosya1.s
   Uses
      At line 56 in file dosya1.s
      At line 63 in file dosya1.s

3 symbols



ARM Macro Assembler    Page 1 Alphabetic symbol ordering
Relocatable symbols

Bolum2 00000000

Symbol: Bolum2
   Definitions
      At line 71 in file dosya1.s
   Uses
      None
Comment: Bolum2 unused
Resetleme_fonksiyonu 00000000

Symbol: Resetleme_fonksiyonu
   Definitions
      At line 74 in file dosya1.s
   Uses
      At line 11 in file dosya1.s
Comment: Resetleme_fonksiyonu used once
2 symbols



ARM Macro Assembler    Page 1 Alphabetic symbol ordering
Absolute symbols

Baslama_adresi 20000100

Symbol: Baslama_adresi
   Definitions
      At line 5 in file dosya1.s
   Uses
      At line 10 in file dosya1.s
Comment: Baslama_adresi used once
1 symbol



ARM Macro Assembler    Page 1 Alphabetic symbol ordering
External symbols

_main 00000000

Symbol: _main
   Definitions
      At line 75 in file dosya1.s
   Uses
      At line 77 in file dosya1.s
Comment: _main used once
1 symbol
340 symbols in table
